[2022-07-01 15:01:31,447] INFO [Controller id=0] Processing automatic preferred replica leader election (kafka.controller.KafkaController)
[2022-07-01 15:01:31,459] TRACE [Controller id=0] Checking need to trigger auto leader balancing (kafka.controller.KafkaController)
[2022-07-01 15:01:31,459] DEBUG [Controller id=0] Topics not in preferred replica for broker 0 HashMap() (kafka.controller.KafkaController)
[2022-07-01 15:01:31,459] TRACE [Controller id=0] Leader imbalance ratio for broker 0 is 0.0 (kafka.controller.KafkaController)
[2022-07-01 15:01:31,459] DEBUG [Controller id=0] Topics not in preferred replica for broker 1 HashMap(__consumer_offsets-8 -> List(1), __consumer_offsets-35 -> List(1), __consumer_offsets-47 -> List(1), __consumer_offsets-38 -> List(1), __consumer_offsets-17 -> List(1), __consumer_offsets-11 -> List(1), __consumer_offsets-29 -> List(1), __consumer_offsets-32 -> List(1), __consumer_offsets-41 -> List(1), __consumer_offsets-23 -> List(1), __consumer_offsets-2 -> List(1), __consumer_offsets-14 -> List(1), __consumer_offsets-20 -> List(1), __consumer_offsets-44 -> List(1), __consumer_offsets-5 -> List(1), __consumer_offsets-26 -> List(1)) (kafka.controller.KafkaController)
[2022-07-01 15:01:31,460] TRACE [Controller id=0] Leader imbalance ratio for broker 1 is 1.0 (kafka.controller.KafkaController)
[2022-07-01 15:01:31,460] INFO [Controller id=0] Starting replica leader election (PREFERRED) for partitions  triggered by AutoTriggered (kafka.controller.KafkaController)
[2022-07-01 15:01:31,460] DEBUG [Controller id=0] Topics not in preferred replica for broker 2 HashMap() (kafka.controller.KafkaController)
[2022-07-01 15:01:31,460] TRACE [Controller id=0] Leader imbalance ratio for broker 2 is 0.0 (kafka.controller.KafkaController)
[2022-07-01 15:06:31,467] INFO [Controller id=0] Processing automatic preferred replica leader election (kafka.controller.KafkaController)
[2022-07-01 15:06:31,467] TRACE [Controller id=0] Checking need to trigger auto leader balancing (kafka.controller.KafkaController)
[2022-07-01 15:06:31,467] DEBUG [Controller id=0] Topics not in preferred replica for broker 0 HashMap() (kafka.controller.KafkaController)
[2022-07-01 15:06:31,467] TRACE [Controller id=0] Leader imbalance ratio for broker 0 is 0.0 (kafka.controller.KafkaController)
[2022-07-01 15:06:31,467] DEBUG [Controller id=0] Topics not in preferred replica for broker 1 HashMap(__consumer_offsets-8 -> List(1), __consumer_offsets-35 -> List(1), __consumer_offsets-47 -> List(1), __consumer_offsets-38 -> List(1), __consumer_offsets-17 -> List(1), __consumer_offsets-11 -> List(1), __consumer_offsets-29 -> List(1), __consumer_offsets-32 -> List(1), __consumer_offsets-41 -> List(1), __consumer_offsets-23 -> List(1), __consumer_offsets-2 -> List(1), __consumer_offsets-14 -> List(1), __consumer_offsets-20 -> List(1), __consumer_offsets-44 -> List(1), __consumer_offsets-5 -> List(1), __consumer_offsets-26 -> List(1)) (kafka.controller.KafkaController)
[2022-07-01 15:06:31,467] TRACE [Controller id=0] Leader imbalance ratio for broker 1 is 1.0 (kafka.controller.KafkaController)
[2022-07-01 15:06:31,467] INFO [Controller id=0] Starting replica leader election (PREFERRED) for partitions  triggered by AutoTriggered (kafka.controller.KafkaController)
[2022-07-01 15:06:31,467] DEBUG [Controller id=0] Topics not in preferred replica for broker 2 HashMap() (kafka.controller.KafkaController)
[2022-07-01 15:06:31,468] TRACE [Controller id=0] Leader imbalance ratio for broker 2 is 0.0 (kafka.controller.KafkaController)
[2022-07-01 15:11:31,474] INFO [Controller id=0] Processing automatic preferred replica leader election (kafka.controller.KafkaController)
[2022-07-01 15:11:31,475] TRACE [Controller id=0] Checking need to trigger auto leader balancing (kafka.controller.KafkaController)
[2022-07-01 15:11:31,475] DEBUG [Controller id=0] Topics not in preferred replica for broker 0 HashMap() (kafka.controller.KafkaController)
[2022-07-01 15:11:31,475] TRACE [Controller id=0] Leader imbalance ratio for broker 0 is 0.0 (kafka.controller.KafkaController)
[2022-07-01 15:11:31,475] DEBUG [Controller id=0] Topics not in preferred replica for broker 1 HashMap(__consumer_offsets-8 -> List(1), __consumer_offsets-35 -> List(1), __consumer_offsets-47 -> List(1), __consumer_offsets-38 -> List(1), __consumer_offsets-17 -> List(1), __consumer_offsets-11 -> List(1), __consumer_offsets-29 -> List(1), __consumer_offsets-32 -> List(1), __consumer_offsets-41 -> List(1), __consumer_offsets-23 -> List(1), __consumer_offsets-2 -> List(1), __consumer_offsets-14 -> List(1), __consumer_offsets-20 -> List(1), __consumer_offsets-44 -> List(1), __consumer_offsets-5 -> List(1), __consumer_offsets-26 -> List(1)) (kafka.controller.KafkaController)
[2022-07-01 15:11:31,476] TRACE [Controller id=0] Leader imbalance ratio for broker 1 is 1.0 (kafka.controller.KafkaController)
[2022-07-01 15:11:31,476] INFO [Controller id=0] Starting replica leader election (PREFERRED) for partitions  triggered by AutoTriggered (kafka.controller.KafkaController)
[2022-07-01 15:11:31,476] DEBUG [Controller id=0] Topics not in preferred replica for broker 2 HashMap() (kafka.controller.KafkaController)
[2022-07-01 15:11:31,476] TRACE [Controller id=0] Leader imbalance ratio for broker 2 is 0.0 (kafka.controller.KafkaController)
[2022-07-01 15:16:31,491] INFO [Controller id=0] Processing automatic preferred replica leader election (kafka.controller.KafkaController)
[2022-07-01 15:16:31,492] TRACE [Controller id=0] Checking need to trigger auto leader balancing (kafka.controller.KafkaController)
[2022-07-01 15:16:31,492] DEBUG [Controller id=0] Topics not in preferred replica for broker 0 HashMap() (kafka.controller.KafkaController)
[2022-07-01 15:16:31,492] TRACE [Controller id=0] Leader imbalance ratio for broker 0 is 0.0 (kafka.controller.KafkaController)
[2022-07-01 15:16:31,492] DEBUG [Controller id=0] Topics not in preferred replica for broker 1 HashMap(__consumer_offsets-8 -> List(1), __consumer_offsets-35 -> List(1), __consumer_offsets-47 -> List(1), __consumer_offsets-38 -> List(1), __consumer_offsets-17 -> List(1), __consumer_offsets-11 -> List(1), __consumer_offsets-29 -> List(1), __consumer_offsets-32 -> List(1), __consumer_offsets-41 -> List(1), __consumer_offsets-23 -> List(1), __consumer_offsets-2 -> List(1), __consumer_offsets-14 -> List(1), __consumer_offsets-20 -> List(1), __consumer_offsets-44 -> List(1), __consumer_offsets-5 -> List(1), __consumer_offsets-26 -> List(1)) (kafka.controller.KafkaController)
[2022-07-01 15:16:31,492] TRACE [Controller id=0] Leader imbalance ratio for broker 1 is 1.0 (kafka.controller.KafkaController)
[2022-07-01 15:16:31,492] INFO [Controller id=0] Starting replica leader election (PREFERRED) for partitions  triggered by AutoTriggered (kafka.controller.KafkaController)
[2022-07-01 15:16:31,492] DEBUG [Controller id=0] Topics not in preferred replica for broker 2 HashMap() (kafka.controller.KafkaController)
[2022-07-01 15:16:31,492] TRACE [Controller id=0] Leader imbalance ratio for broker 2 is 0.0 (kafka.controller.KafkaController)
